2021-11-23 08:29:00.986946 (MainThread): Running with dbt=0.21.0
2021-11-23 08:29:01.150721 (MainThread): running dbt with arguments Namespace(cls=<class 'dbt.task.rpc.server.RPCServerTask'>, debug=False, defer=None, exclude=None, host='0.0.0.0', log_cache_events=False, log_format='default', models=None, partial_parse=True, port=8580, profile='user', profiles_dir='/usr/src/develop/.dbt', project_dir=None, record_timing_info=None, rpc_method=None, single_threaded=False, state=None, strict=False, target=None, test_new_parser=False, threads=None, use_cache=True, use_colors=None, use_experimental_parser=False, vars='{}', version_check=True, warn_error=False, which='rpc', write_json=True)
2021-11-23 08:29:01.167286 (MainThread): Tracking: tracking
2021-11-23 08:29:01.175734 (Thread-12): Unable to do partial parsing because target/partial_parse.msgpack not found
2021-11-23 08:29:01.176173 (Thread-12): Sending event: {'category': 'dbt', 'action': 'partial_parser', 'label': '288c2b48-5940-4227-96ea-95b6bac50ba1', 'context': [<snowplow_tracker.self_describing_json.SelfDescribingJson object at 0x7f2942aa62b0>]}
2021-11-23 08:29:01.179230 (MainThread): Sending event: {'category': 'dbt', 'action': 'invocation', 'label': 'start', 'context': [<snowplow_tracker.self_describing_json.SelfDescribingJson object at 0x7f29126b5eb0>, <snowplow_tracker.self_describing_json.SelfDescribingJson object at 0x7f29302dc250>, <snowplow_tracker.self_describing_json.SelfDescribingJson object at 0x7f29302dc5b0>]}
2021-11-23 08:29:01.179546 (MainThread): Serving RPC server at 0.0.0.0:8580, pid=24
2021-11-23 08:29:01.179847 (MainThread): Supported methods: ['build', 'cli_args', 'compile', 'compile_sql', 'deps', 'docs.generate', 'gc', 'get-manifest', 'kill', 'list', 'poll', 'ps', 'run', 'run-operation', 'run_sql', 'seed', 'snapshot', 'snapshot-freshness', 'source-freshness', 'status', 'test']
2021-11-23 08:29:01.180115 (MainThread): Send requests to http://localhost:8580/jsonrpc
2021-11-23 08:29:01.206528 (Thread-12): Parsing macros/catalog.sql
2021-11-23 08:29:01.209846 (Thread-12): Parsing macros/adapters.sql
2021-11-23 08:29:01.231859 (Thread-12): Parsing macros/relations.sql
2021-11-23 08:29:01.233202 (Thread-12): Parsing macros/materializations/snapshot_merge.sql
2021-11-23 08:29:01.234892 (Thread-12): Parsing macros/core.sql
2021-11-23 08:29:01.238531 (Thread-12): Parsing macros/materializations/test.sql
2021-11-23 08:29:01.244960 (Thread-12): Parsing macros/materializations/helpers.sql
2021-11-23 08:29:01.254626 (Thread-12): Parsing macros/materializations/view/view.sql
2021-11-23 08:29:01.261367 (Thread-12): Parsing macros/materializations/view/create_or_replace_view.sql
2021-11-23 08:29:01.265179 (Thread-12): Parsing macros/materializations/seed/seed.sql
2021-11-23 08:29:01.287048 (Thread-12): Parsing macros/materializations/snapshot/strategies.sql
2021-11-23 08:29:01.303650 (Thread-12): Parsing macros/materializations/snapshot/snapshot_merge.sql
2021-11-23 08:29:01.305263 (Thread-12): Parsing macros/materializations/snapshot/snapshot.sql
2021-11-23 08:29:01.335174 (Thread-12): Parsing macros/materializations/table/table.sql
2021-11-23 08:29:01.342504 (Thread-12): Parsing macros/materializations/common/merge.sql
2021-11-23 08:29:01.355853 (Thread-12): Parsing macros/materializations/incremental/on_schema_change.sql
2021-11-23 08:29:01.374900 (Thread-12): Parsing macros/materializations/incremental/incremental.sql
2021-11-23 08:29:01.385083 (Thread-12): Parsing macros/materializations/incremental/helpers.sql
2021-11-23 08:29:01.386824 (Thread-12): Parsing macros/etc/get_custom_alias.sql
2021-11-23 08:29:01.388267 (Thread-12): Parsing macros/etc/datetime.sql
2021-11-23 08:29:01.396496 (Thread-12): Parsing macros/etc/query.sql
2021-11-23 08:29:01.397441 (Thread-12): Parsing macros/etc/where_subquery.sql
2021-11-23 08:29:01.399210 (Thread-12): Parsing macros/etc/get_custom_database.sql
2021-11-23 08:29:01.400740 (Thread-12): Parsing macros/etc/get_custom_schema.sql
2021-11-23 08:29:01.403196 (Thread-12): Parsing macros/etc/is_incremental.sql
2021-11-23 08:29:01.404706 (Thread-12): Parsing macros/adapters/common.sql
2021-11-23 08:29:01.458287 (Thread-12): Parsing macros/schema_tests/accepted_values.sql
2021-11-23 08:29:01.460518 (Thread-12): Parsing macros/schema_tests/not_null.sql
2021-11-23 08:29:01.461701 (Thread-12): Parsing macros/schema_tests/relationships.sql
2021-11-23 08:29:01.463356 (Thread-12): Parsing macros/schema_tests/unique.sql
2021-11-23 08:29:01.634738 (Thread-12): Acquiring new postgres connection "model.my_new_project.my_second_dbt_model".
2021-11-23 08:29:01.649101 (Thread-12): Acquiring new postgres connection "model.my_new_project.my_first_dbt_model".
2021-11-23 08:29:01.724887 (Thread-12): Sending event: {'category': 'dbt', 'action': 'load_project', 'label': '288c2b48-5940-4227-96ea-95b6bac50ba1', 'context': [<snowplow_tracker.self_describing_json.SelfDescribingJson object at 0x7f291160f8b0>]}
2021-11-23 08:29:01.952822 (Thread-13): handling status request
2021-11-23 08:29:01.953112 (Thread-13): Sending event: {'category': 'dbt', 'action': 'rpc_request', 'label': '288c2b48-5940-4227-96ea-95b6bac50ba1', 'context': [<snowplow_tracker.self_describing_json.SelfDescribingJson object at 0x7f29126738b0>]}
2021-11-23 08:29:01.954120 (Thread-13): sending response (<Response 10135 bytes [200 OK]>) to 10.0.5.16
2021-11-23 08:29:01.960197 (Thread-14): handling list request
2021-11-23 08:29:01.960378 (Thread-14): Sending event: {'category': 'dbt', 'action': 'rpc_request', 'label': '288c2b48-5940-4227-96ea-95b6bac50ba1', 'context': [<snowplow_tracker.self_describing_json.SelfDescribingJson object at 0x7f2912673520>]}
2021-11-23 08:29:01.990931 (Thread-14): Sending event: {'category': 'dbt', 'action': 'resource_counts', 'label': '2bc406f4-fd79-4894-8c1b-9d5e20d7339c', 'context': [<snowplow_tracker.self_describing_json.SelfDescribingJson object at 0x7f291160aee0>]}
2021-11-23 08:29:01.991170 (Thread-14): Found 2 models, 4 tests, 0 snapshots, 0 analyses, 162 macros, 0 operations, 0 seed files, 0 sources, 0 exposures
2021-11-23 08:29:01.994846 (Thread-14): The selection criterion '+1637655928094/__unsaved/Statement' does not match any nodes
2021-11-23 08:29:01.995009 (Thread-14): The selection criterion '1.sql+' does not match any nodes
2021-11-23 08:29:01.995084 (Thread-14): No nodes selected!
2021-11-23 08:29:01.996899 (Thread-14): sending response (<Response 2277 bytes [200 OK]>) to 10.0.5.16
2021-11-23 08:29:02.003547 (Thread-15): handling status request
2021-11-23 08:29:02.003729 (Thread-15): Sending event: {'category': 'dbt', 'action': 'rpc_request', 'label': '2bc406f4-fd79-4894-8c1b-9d5e20d7339c', 'context': [<snowplow_tracker.self_describing_json.SelfDescribingJson object at 0x7f291160af10>]}
2021-11-23 08:29:02.004324 (Thread-15): sending response (<Response 10157 bytes [200 OK]>) to 10.0.43.5
2021-11-23 08:29:02.022699 (Thread-16): handling status request
2021-11-23 08:29:02.022880 (Thread-16): Sending event: {'category': 'dbt', 'action': 'rpc_request', 'label': '2bc406f4-fd79-4894-8c1b-9d5e20d7339c', 'context': [<snowplow_tracker.self_describing_json.SelfDescribingJson object at 0x7f29126f93a0>]}
2021-11-23 08:29:02.023436 (Thread-16): sending response (<Response 10157 bytes [200 OK]>) to 10.0.23.162
2021-11-23 08:30:06.902012 (Thread-17): handling status request
2021-11-23 08:30:06.903704 (Thread-17): Sending event: {'category': 'dbt', 'action': 'rpc_request', 'label': '2bc406f4-fd79-4894-8c1b-9d5e20d7339c', 'context': [<snowplow_tracker.self_describing_json.SelfDescribingJson object at 0x7f29115f8d60>]}
2021-11-23 08:30:06.904386 (Thread-17): sending response (<Response 10135 bytes [200 OK]>) to 10.0.5.16
2021-11-23 08:30:06.909752 (Thread-18): handling list request
2021-11-23 08:30:06.909929 (Thread-18): Sending event: {'category': 'dbt', 'action': 'rpc_request', 'label': '2bc406f4-fd79-4894-8c1b-9d5e20d7339c', 'context': [<snowplow_tracker.self_describing_json.SelfDescribingJson object at 0x7f29115f7130>]}
2021-11-23 08:30:06.943189 (Thread-18): Sending event: {'category': 'dbt', 'action': 'resource_counts', 'label': 'fe865e62-6686-4ed1-82f9-5c057a2cc38b', 'context': [<snowplow_tracker.self_describing_json.SelfDescribingJson object at 0x7f29127724f0>]}
2021-11-23 08:30:06.943418 (Thread-18): Found 2 models, 4 tests, 0 snapshots, 0 analyses, 162 macros, 0 operations, 0 seed files, 0 sources, 0 exposures
2021-11-23 08:30:06.946415 (Thread-18): The selection criterion '+1637655928094/__unsaved/Statement' does not match any nodes
2021-11-23 08:30:06.946587 (Thread-18): The selection criterion '1.sql+' does not match any nodes
2021-11-23 08:30:06.946662 (Thread-18): No nodes selected!
2021-11-23 08:30:06.947987 (Thread-18): sending response (<Response 2277 bytes [200 OK]>) to 10.0.5.16
2021-11-23 08:32:00.080758 (Thread-19): handling status request
2021-11-23 08:32:00.082421 (Thread-19): Sending event: {'category': 'dbt', 'action': 'rpc_request', 'label': 'fe865e62-6686-4ed1-82f9-5c057a2cc38b', 'context': [<snowplow_tracker.self_describing_json.SelfDescribingJson object at 0x7f2930290130>]}
2021-11-23 08:32:00.083127 (Thread-19): sending response (<Response 10135 bytes [200 OK]>) to 10.0.5.16
2021-11-23 08:32:00.090695 (Thread-20): handling list request
2021-11-23 08:32:00.090892 (Thread-20): Sending event: {'category': 'dbt', 'action': 'rpc_request', 'label': 'fe865e62-6686-4ed1-82f9-5c057a2cc38b', 'context': [<snowplow_tracker.self_describing_json.SelfDescribingJson object at 0x7f2911615b80>]}
2021-11-23 08:32:00.126959 (Thread-20): Sending event: {'category': 'dbt', 'action': 'resource_counts', 'label': 'ab0732d7-c60c-4ac2-a192-0ebbc55cf4fb', 'context': [<snowplow_tracker.self_describing_json.SelfDescribingJson object at 0x7f29116157f0>]}
2021-11-23 08:32:00.127202 (Thread-20): Found 2 models, 4 tests, 0 snapshots, 0 analyses, 162 macros, 0 operations, 0 seed files, 0 sources, 0 exposures
2021-11-23 08:32:00.130454 (Thread-20): The selection criterion '+1637655928094/__unsaved/Statement' does not match any nodes
2021-11-23 08:32:00.130638 (Thread-20): The selection criterion '1.sql+' does not match any nodes
2021-11-23 08:32:00.130714 (Thread-20): No nodes selected!
2021-11-23 08:32:00.132241 (Thread-20): sending response (<Response 2277 bytes [200 OK]>) to 10.0.5.16
2021-11-23 08:34:02.364973 (Thread-21): handling status request
2021-11-23 08:34:02.366763 (Thread-21): Sending event: {'category': 'dbt', 'action': 'rpc_request', 'label': 'ab0732d7-c60c-4ac2-a192-0ebbc55cf4fb', 'context': [<snowplow_tracker.self_describing_json.SelfDescribingJson object at 0x7f2912673520>]}
2021-11-23 08:34:02.367504 (Thread-21): sending response (<Response 10135 bytes [200 OK]>) to 10.0.5.16
2021-11-23 08:34:02.377016 (Thread-22): handling list request
2021-11-23 08:34:02.377218 (Thread-22): Sending event: {'category': 'dbt', 'action': 'rpc_request', 'label': 'ab0732d7-c60c-4ac2-a192-0ebbc55cf4fb', 'context': [<snowplow_tracker.self_describing_json.SelfDescribingJson object at 0x7f29115f8a90>]}
2021-11-23 08:34:02.412985 (Thread-22): Sending event: {'category': 'dbt', 'action': 'resource_counts', 'label': '437e73bc-97f0-47ec-8471-86b38d999f5d', 'context': [<snowplow_tracker.self_describing_json.SelfDescribingJson object at 0x7f29116240a0>]}
2021-11-23 08:34:02.413239 (Thread-22): Found 2 models, 4 tests, 0 snapshots, 0 analyses, 162 macros, 0 operations, 0 seed files, 0 sources, 0 exposures
2021-11-23 08:34:02.416710 (Thread-22): The selection criterion '+1637655928094/__unsaved/Statement' does not match any nodes
2021-11-23 08:34:02.416886 (Thread-22): The selection criterion '1.sql+' does not match any nodes
2021-11-23 08:34:02.416961 (Thread-22): No nodes selected!
2021-11-23 08:34:02.418418 (Thread-22): sending response (<Response 2277 bytes [200 OK]>) to 10.0.5.16
2021-11-23 08:37:33.793100 (Thread-23): handling status request
2021-11-23 08:37:33.794701 (Thread-23): Sending event: {'category': 'dbt', 'action': 'rpc_request', 'label': '437e73bc-97f0-47ec-8471-86b38d999f5d', 'context': [<snowplow_tracker.self_describing_json.SelfDescribingJson object at 0x7f2911624610>]}
2021-11-23 08:37:33.795447 (Thread-23): sending response (<Response 10135 bytes [200 OK]>) to 10.0.5.16
2021-11-23 08:37:33.803454 (Thread-24): handling list request
2021-11-23 08:37:33.803659 (Thread-24): Sending event: {'category': 'dbt', 'action': 'rpc_request', 'label': '437e73bc-97f0-47ec-8471-86b38d999f5d', 'context': [<snowplow_tracker.self_describing_json.SelfDescribingJson object at 0x7f2911624490>]}
2021-11-23 08:37:33.839614 (Thread-24): Sending event: {'category': 'dbt', 'action': 'resource_counts', 'label': '61af176e-4f91-46d1-80b5-88337f1434f1', 'context': [<snowplow_tracker.self_describing_json.SelfDescribingJson object at 0x7f291273dc40>]}
2021-11-23 08:37:33.839855 (Thread-24): Found 2 models, 4 tests, 0 snapshots, 0 analyses, 162 macros, 0 operations, 0 seed files, 0 sources, 0 exposures
2021-11-23 08:37:33.842742 (Thread-24): The selection criterion '+1637655928094/__unsaved/Statement' does not match any nodes
2021-11-23 08:37:33.842908 (Thread-24): The selection criterion '1.sql+' does not match any nodes
2021-11-23 08:37:33.842980 (Thread-24): No nodes selected!
2021-11-23 08:37:33.844317 (Thread-24): sending response (<Response 2277 bytes [200 OK]>) to 10.0.5.16
2021-11-23 08:38:22.767999 (Thread-25): handling status request
2021-11-23 08:38:22.768293 (Thread-25): Sending event: {'category': 'dbt', 'action': 'rpc_request', 'label': '61af176e-4f91-46d1-80b5-88337f1434f1', 'context': [<snowplow_tracker.self_describing_json.SelfDescribingJson object at 0x7f29115756d0>]}
2021-11-23 08:38:22.768974 (Thread-25): sending response (<Response 10135 bytes [200 OK]>) to 10.0.5.16
2021-11-23 08:38:22.787504 (Thread-26): handling list request
2021-11-23 08:38:22.787698 (Thread-26): Sending event: {'category': 'dbt', 'action': 'rpc_request', 'label': '61af176e-4f91-46d1-80b5-88337f1434f1', 'context': [<snowplow_tracker.self_describing_json.SelfDescribingJson object at 0x7f29115758e0>]}
2021-11-23 08:38:22.814941 (Thread-26): Sending event: {'category': 'dbt', 'action': 'resource_counts', 'label': 'fb7bdbdc-faaf-4550-8a22-4cbb8a6bad42', 'context': [<snowplow_tracker.self_describing_json.SelfDescribingJson object at 0x7f29104fc5b0>]}
2021-11-23 08:38:22.815184 (Thread-26): Found 2 models, 4 tests, 0 snapshots, 0 analyses, 162 macros, 0 operations, 0 seed files, 0 sources, 0 exposures
2021-11-23 08:38:22.815963 (Thread-26): The selection criterion '+1637655928094/__unsaved/Statement' does not match any nodes
2021-11-23 08:38:22.816145 (Thread-26): The selection criterion '1.sql+' does not match any nodes
2021-11-23 08:38:22.816237 (Thread-26): No nodes selected!
2021-11-23 08:38:22.817601 (Thread-26): sending response (<Response 2277 bytes [200 OK]>) to 10.0.5.16
2021-11-23 08:41:08.492311 (Thread-27): handling status request
2021-11-23 08:41:08.494218 (Thread-27): Sending event: {'category': 'dbt', 'action': 'rpc_request', 'label': 'fb7bdbdc-faaf-4550-8a22-4cbb8a6bad42', 'context': [<snowplow_tracker.self_describing_json.SelfDescribingJson object at 0x7f29127b7190>]}
2021-11-23 08:41:08.494945 (Thread-27): sending response (<Response 10135 bytes [200 OK]>) to 10.0.5.16
2021-11-23 08:41:08.505639 (Thread-28): handling list request
2021-11-23 08:41:08.505818 (Thread-28): Sending event: {'category': 'dbt', 'action': 'rpc_request', 'label': 'fb7bdbdc-faaf-4550-8a22-4cbb8a6bad42', 'context': [<snowplow_tracker.self_describing_json.SelfDescribingJson object at 0x7f29115ca250>]}
2021-11-23 08:41:08.543799 (Thread-28): Sending event: {'category': 'dbt', 'action': 'resource_counts', 'label': 'dc094877-f45e-4211-86b0-b50df0a203a2', 'context': [<snowplow_tracker.self_describing_json.SelfDescribingJson object at 0x7f29115e3640>]}
2021-11-23 08:41:08.544006 (Thread-28): Found 2 models, 4 tests, 0 snapshots, 0 analyses, 162 macros, 0 operations, 0 seed files, 0 sources, 0 exposures
2021-11-23 08:41:08.547080 (Thread-28): The selection criterion '+1637655928094/__unsaved/Statement' does not match any nodes
2021-11-23 08:41:08.547232 (Thread-28): The selection criterion '1.sql+' does not match any nodes
2021-11-23 08:41:08.547304 (Thread-28): No nodes selected!
2021-11-23 08:41:08.548561 (Thread-28): sending response (<Response 2277 bytes [200 OK]>) to 10.0.5.16
2021-11-23 08:41:16.574672 (Thread-29): handling status request
2021-11-23 08:41:16.574960 (Thread-29): Sending event: {'category': 'dbt', 'action': 'rpc_request', 'label': 'dc094877-f45e-4211-86b0-b50df0a203a2', 'context': [<snowplow_tracker.self_describing_json.SelfDescribingJson object at 0x7f29115890a0>]}
2021-11-23 08:41:16.575680 (Thread-29): sending response (<Response 10135 bytes [200 OK]>) to 10.0.5.16
2021-11-23 08:41:16.581510 (Thread-30): handling list request
2021-11-23 08:41:16.581691 (Thread-30): Sending event: {'category': 'dbt', 'action': 'rpc_request', 'label': 'dc094877-f45e-4211-86b0-b50df0a203a2', 'context': [<snowplow_tracker.self_describing_json.SelfDescribingJson object at 0x7f2911589760>]}
2021-11-23 08:41:16.610398 (Thread-30): Sending event: {'category': 'dbt', 'action': 'resource_counts', 'label': 'afe91a38-3e84-4bc9-b3e9-d5e1d4550dc1', 'context': [<snowplow_tracker.self_describing_json.SelfDescribingJson object at 0x7f29115755e0>]}
2021-11-23 08:41:16.610639 (Thread-30): Found 2 models, 4 tests, 0 snapshots, 0 analyses, 162 macros, 0 operations, 0 seed files, 0 sources, 0 exposures
2021-11-23 08:41:16.611328 (Thread-30): The selection criterion '+1637655928094/__unsaved/Statement' does not match any nodes
2021-11-23 08:41:16.611485 (Thread-30): The selection criterion '1.sql+' does not match any nodes
2021-11-23 08:41:16.611557 (Thread-30): No nodes selected!
2021-11-23 08:41:16.612859 (Thread-30): sending response (<Response 2277 bytes [200 OK]>) to 10.0.5.16
2021-11-23 08:41:22.014605 (Thread-31): handling status request
2021-11-23 08:41:22.014878 (Thread-31): Sending event: {'category': 'dbt', 'action': 'rpc_request', 'label': 'afe91a38-3e84-4bc9-b3e9-d5e1d4550dc1', 'context': [<snowplow_tracker.self_describing_json.SelfDescribingJson object at 0x7f29115953d0>]}
2021-11-23 08:41:22.038169 (Thread-31): sending response (<Response 10157 bytes [200 OK]>) to 10.0.9.5
